Removed Pin From Net: NetName=PLL_LOCK Pin=IC14-3
Removed Pin From Net: NetName=NetC178_2 Pin=IC14-5
Removed Pin From Net: NetName=PLL_STAT Pin=IC14-6
Removed Pin From Net: NetName=PLL_REFSEL Pin=IC14-7
Removed Pin From Net: NetName=PLL_SYNC Pin=IC14-8
Removed Pin From Net: NetName=NetC173_2 Pin=IC14-9
Removed Pin From Net: NetName=NetC173_1 Pin=IC14-10
Removed Pin From Net: NetName=PLL_SCLK Pin=IC14-16
Removed Pin From Net: NetName=PLL_CS Pin=IC14-17
Removed Pin From Net: NetName=PLL_SDO Pin=IC14-21
Removed Pin From Net: NetName=PLL_SDI Pin=IC14-22
Removed Pin From Net: NetName=PLL_RESET Pin=IC14-23
Removed Pin From Net: NetName=PLL_RESET Pin=IC14-24
Removed Pin From Net: NetName=EXT_CLK_4_N Pin=IC14-25
Removed Pin From Net: NetName=EXT_CLK_4_P Pin=IC14-26
Removed Pin From Net: NetName=EXT_CLK_5_N Pin=IC14-28
Removed Pin From Net: NetName=EXT_CLK_5_P Pin=IC14-29
Removed Pin From Net: NetName=FPGA_GCLK_P Pin=IC14-33
Removed Pin From Net: NetName=FPGA_GCLK_N Pin=IC14-34
Removed Pin From Net: NetName=EXT_CLK_9_P Pin=IC14-35
Removed Pin From Net: NetName=EXT_CLK_9_N Pin=IC14-36
Removed Pin From Net: NetName=OUT_3_N Pin=IC14-39
Removed Pin From Net: NetName=OUT_3_P Pin=IC14-40
Removed Pin From Net: NetName=OUT_2_N Pin=IC14-42
Removed Pin From Net: NetName=OUT_2_P Pin=IC14-43
Removed Pin From Net: NetName=GTP_CLK_REF_N Pin=IC14-45
Removed Pin From Net: NetName=GTP_CLK_REF_P Pin=IC14-46
Removed Pin From Net: NetName=EXT_CLK_6_N Pin=IC14-47
Removed Pin From Net: NetName=EXT_CLK_6_P Pin=IC14-48
Removed Pin From Net: NetName=EXT_CLK_1_N Pin=IC14-52
Removed Pin From Net: NetName=EXT_CLK_1_P Pin=IC14-53
Removed Pin From Net: NetName=EXT_CLK_0_N Pin=IC14-55
Removed Pin From Net: NetName=EXT_CLK_0_P Pin=IC14-56
Removed Pin From Net: NetName=NetIC14_58 Pin=IC14-58
Removed Pin From Net: NetName=NetIC14_62 Pin=IC14-62
Removed Pin From Net: NetName=CLK_25M Pin=IC14-64
Removed Pin From Net: NetName=EXT_PLL_LOCK Pin=IC15-3
Removed Pin From Net: NetName=NetC177_1 Pin=IC15-5
Removed Pin From Net: NetName=EXT_PLL_STAT Pin=IC15-6
Removed Pin From Net: NetName=EXT_PLL_REFSEL Pin=IC15-7
Removed Pin From Net: NetName=EXT_PLL_SYNC Pin=IC15-8
Removed Pin From Net: NetName=NetC174_2 Pin=IC15-9
Removed Pin From Net: NetName=NetC174_1 Pin=IC15-10
Removed Pin From Net: NetName=EXT_PLL_SCLK Pin=IC15-16
Removed Pin From Net: NetName=EXT_PLL_CS Pin=IC15-17
Removed Pin From Net: NetName=EXT_PLL_SDO Pin=IC15-21
Removed Pin From Net: NetName=EXT_PLL_SDI Pin=IC15-22
Removed Pin From Net: NetName=EXT_RESET Pin=IC15-23
Removed Pin From Net: NetName=EXT_RESET Pin=IC15-24
Removed Pin From Net: NetName=62_5MHZ_N Pin=IC15-47
Removed Pin From Net: NetName=62_5MHZ_P Pin=IC15-48
Removed Pin From Net: NetName=NetIC15_58 Pin=IC15-58
Removed Pin From Net: NetName=NetIC15_62 Pin=IC15-62
Removed Pin From Net: NetName=NetC170_2 Pin=IC15-63
Removed Pin From Net: NetName=NetC167_2 Pin=IC15-64
Change Component Designator: OldDesignator=IC14 NewDesignator=IC15
Change Component Designator: OldDesignator=IC15 NewDesignator=IC14
Add Component: Footprint Not Found CAPC1709X100N
Add Pin To Net: Unknown Pin: Pin C303-1
Add Pin To Net: Unknown Pin: Pin C303-2
Added Pin To Net: NetName=PLL_LOCK Pin=IC14-3
Added Pin To Net: NetName=NetC178_2 Pin=IC14-5
Added Pin To Net: NetName=PLL_STAT Pin=IC14-6
Added Pin To Net: NetName=PLL_REFSEL Pin=IC14-7
Added Pin To Net: NetName=PLL_SYNC Pin=IC14-8
Added Pin To Net: NetName=NetC173_2 Pin=IC14-9
Added Pin To Net: NetName=NetC173_1 Pin=IC14-10
Added Pin To Net: NetName=PLL_SCLK Pin=IC14-16
Added Pin To Net: NetName=PLL_CS Pin=IC14-17
Added Pin To Net: NetName=PLL_SDO Pin=IC14-21
Added Pin To Net: NetName=PLL_SDI Pin=IC14-22
Added Pin To Net: NetName=PLL_RESET Pin=IC14-23
Added Pin To Net: NetName=PLL_RESET Pin=IC14-24
Added Pin To Net: NetName=EXT_CLK_4_N Pin=IC14-25
Added Pin To Net: NetName=EXT_CLK_4_P Pin=IC14-26
Added Pin To Net: NetName=EXT_CLK_5_N Pin=IC14-28
Added Pin To Net: NetName=EXT_CLK_5_P Pin=IC14-29
Added Pin To Net: NetName=FPGA_GCLK_P Pin=IC14-33
Added Pin To Net: NetName=FPGA_GCLK_N Pin=IC14-34
Added Pin To Net: NetName=EXT_CLK_9_P Pin=IC14-35
Added Pin To Net: NetName=EXT_CLK_9_N Pin=IC14-36
Added Pin To Net: NetName=OUT_3_N Pin=IC14-39
Added Pin To Net: NetName=OUT_3_P Pin=IC14-40
Added Pin To Net: NetName=OUT_2_N Pin=IC14-42
Added Pin To Net: NetName=OUT_2_P Pin=IC14-43
Added Pin To Net: NetName=GTP_CLK_REF_N Pin=IC14-45
Added Pin To Net: NetName=GTP_CLK_REF_P Pin=IC14-46
Added Pin To Net: NetName=EXT_CLK_6_N Pin=IC14-47
Added Pin To Net: NetName=EXT_CLK_6_P Pin=IC14-48
Added Pin To Net: NetName=EXT_CLK_1_N Pin=IC14-52
Added Pin To Net: NetName=EXT_CLK_1_P Pin=IC14-53
Added Pin To Net: NetName=EXT_CLK_0_N Pin=IC14-55
Added Pin To Net: NetName=EXT_CLK_0_P Pin=IC14-56
Added Pin To Net: NetName=NetIC14_58 Pin=IC14-58
Added Pin To Net: NetName=NetIC14_62 Pin=IC14-62
Added Pin To Net: NetName=CLK_25M Pin=IC14-64
Added Pin To Net: NetName=EXT_PLL_LOCK Pin=IC15-3
Added Pin To Net: NetName=NetC177_1 Pin=IC15-5
Added Pin To Net: NetName=EXT_PLL_STAT Pin=IC15-6
Added Pin To Net: NetName=EXT_PLL_REFSEL Pin=IC15-7
Added Pin To Net: NetName=EXT_PLL_SYNC Pin=IC15-8
Added Pin To Net: NetName=NetC174_2 Pin=IC15-9
Added Pin To Net: NetName=NetC174_1 Pin=IC15-10
Added Pin To Net: NetName=EXT_PLL_SCLK Pin=IC15-16
Added Pin To Net: NetName=EXT_PLL_CS Pin=IC15-17
Added Pin To Net: NetName=EXT_PLL_SDO Pin=IC15-21
Added Pin To Net: NetName=EXT_PLL_SDI Pin=IC15-22
Added Pin To Net: NetName=EXT_RESET Pin=IC15-23
Added Pin To Net: NetName=EXT_RESET Pin=IC15-24
Added Pin To Net: NetName=62_5MHZ_N Pin=IC15-47
Added Pin To Net: NetName=62_5MHZ_P Pin=IC15-48
Added Pin To Net: NetName=NetIC15_58 Pin=IC15-58
Added Pin To Net: NetName=NetIC15_62 Pin=IC15-62
Added Pin To Net: NetName=NetC170_2 Pin=IC15-63
Added Pin To Net: NetName=NetC167_2 Pin=IC15-64
Add Class Member: Failed to add class member : Component C303 22uF
